<?xml version="1.0" encoding="UTF-8"?>
<!-- Generated by org.testng.reporters.JUnitXMLReporter -->
<testsuite ignored="0" hostname="DESKTOP-GEQF7OU" failures="1" tests="1" name="Chrome_1366x768" time="29.852" errors="0" timestamp="2025-02-11T13:19:14 AMT">
  <testcase classname="com.selenium.ft.FilterTest" name="test" time="23.54">
    <failure type="java.lang.NoClassDefFoundError" message="Could not initialize class com.selenium.ft.pages.EditorPage">
      <![CDATA[java.lang.NoClassDefFoundError: Could not initialize class com.selenium.ft.pages.EditorPage
at com.selenium.ft.pages.SearchPage.clickOnPlusAsset(SearchPage.java:89)
at com.selenium.ft.FilterTest.test(FilterTest.java:67)
at java.base/java.util.ArrayList.forEach(ArrayList.java:1597)
at java.base/java.util.concurrent.FutureTask.run(FutureTask.java:317)
at java.base/java.util.concurrent.ThreadPoolExecutor.runWorker(ThreadPoolExecutor.java:1144)
at java.base/java.util.concurrent.ThreadPoolExecutor$Worker.run(ThreadPoolExecutor.java:642)
at java.base/java.lang.Thread.run(Thread.java:1570)
Caused by: java.lang.ExceptionInInitializerError: Exception java.lang.ExceptionInInitializerError [in thread "TestNG-tests-2"]
at com.selenium.ft.pages.EditorPage.<clinit>(EditorPage.java:11)
... 22 more
... Removed 15 stack frames]]>
    </failure>
  </testcase> <!-- test -->
</testsuite> <!-- Chrome_1366x768 -->
