<?xml version="1.0" encoding="UTF-8"?>
<testsuite xmlns:xsi="http://www.w3.org/2001/XMLSchema-instance" xsi:schemaLocation="https://maven.apache.org/surefire/maven-surefire-plugin/xsd/surefire-test-report.xsd" name="TestSuite" time="17.043" tests="3" errors="0" skipped="0" failures="0">
  <properties>
[...]
</properties>
  <testcase name="test" classname="com.selenium.ft.FilterTest" time="11.048"/>
  <testcase name="test" classname="com.selenium.ft.FilterTest" time="11.165"/>
  <testcase name="test" classname="com.selenium.ft.FilterTest" time="11.18"/>
</testsuite>