<?xml version="1.0" encoding="UTF-8"?>
<testng-results ignored="0" total="3" passed="3" failed="0" skipped="0">
  <reporter-output>
  </reporter-output>
  <suite started-at="2025-02-08T20:39:23 AMT" name="Parallel Chrome Resolution Test Suite" finished-at="2025-02-08T20:39:39 AMT" duration-ms="16166">
    <groups>
    </groups>
    <test started-at="2025-02-08T20:39:23 AMT" name="Chrome_1920x1080" finished-at="2025-02-08T20:39:39 AMT" duration-ms="16041">
      <class name="com.selenium.ft.FilterTest">
        <test-method is-config="true" signature="setUp(int,int)[pri:0, instance:com.selenium.ft.FilterTest@428640fa]" started-at="2025-02-08T20:39:23 AMT" name="setUp" finished-at="2025-02-08T20:39:28 AMT" duration-ms="4477" status="PASS">
          <params>
            <param index="0">
              <value>
                <![CDATA[1920]]>
              </value>
            </param>
            <param index="1">
              <value>
                <![CDATA[1080]]>
              </value>
            </param>
          </params>
          <reporter-output>
          </reporter-output>
        </test-method> <!-- setUp -->
        <test-method signature="test()[pri:0, instance:com.selenium.ft.FilterTest@428640fa]" started-at="2025-02-08T20:39:28 AMT" name="test" finished-at="2025-02-08T20:39:39 AMT" duration-ms="11041" status="PASS">
          <reporter-output>
          </reporter-output>
        </test-method> <!-- test -->
        <test-method is-config="true" signature="tearDown()[pri:0, instance:com.selenium.ft.FilterTest@428640fa]" started-at="2025-02-08T20:39:39 AMT" name="tearDown" finished-at="2025-02-08T20:39:39 AMT" duration-ms="269" status="PASS">
          <reporter-output>
          </reporter-output>
        </test-method> <!-- tearDown -->
      </class> <!-- com.selenium.ft.FilterTest -->
    </test> <!-- Chrome_1920x1080 -->
    <test started-at="2025-02-08T20:39:23 AMT" name="Chrome_1280x720" finished-at="2025-02-08T20:39:39 AMT" duration-ms="16151">
      <class name="com.selenium.ft.FilterTest">
        <test-method is-config="true" signature="setUp(int,int)[pri:0, instance:com.selenium.ft.FilterTest@248e319b]" started-at="2025-02-08T20:39:23 AMT" name="setUp" finished-at="2025-02-08T20:39:28 AMT" duration-ms="4599" status="PASS">
          <params>
            <param index="0">
              <value>
                <![CDATA[1280]]>
              </value>
            </param>
            <param index="1">
              <value>
                <![CDATA[720]]>
              </value>
            </param>
          </params>
          <reporter-output>
          </reporter-output>
        </test-method> <!-- setUp -->
        <test-method signature="test()[pri:0, instance:com.selenium.ft.FilterTest@248e319b]" started-at="2025-02-08T20:39:28 AMT" name="test" finished-at="2025-02-08T20:39:39 AMT" duration-ms="11188" status="PASS">
          <reporter-output>
          </reporter-output>
        </test-method> <!-- test -->
        <test-method is-config="true" signature="tearDown()[pri:0, instance:com.selenium.ft.FilterTest@248e319b]" started-at="2025-02-08T20:39:39 AMT" name="tearDown" finished-at="2025-02-08T20:39:39 AMT" duration-ms="251" status="PASS">
          <reporter-output>
          </reporter-output>
        </test-method> <!-- tearDown -->
      </class> <!-- com.selenium.ft.FilterTest -->
    </test> <!-- Chrome_1280x720 -->
    <test started-at="2025-02-08T20:39:23 AMT" name="Chrome_1366x768" finished-at="2025-02-08T20:39:39 AMT" duration-ms="16166">
      <class name="com.selenium.ft.FilterTest">
        <test-method is-config="true" signature="setUp(int,int)[pri:0, instance:com.selenium.ft.FilterTest@27406a17]" started-at="2025-02-08T20:39:23 AMT" name="setUp" finished-at="2025-02-08T20:39:27 AMT" duration-ms="4266" status="PASS">
          <params>
            <param index="0">
              <value>
                <![CDATA[1366]]>
              </value>
            </param>
            <param index="1">
              <value>
                <![CDATA[768]]>
              </value>
            </param>
          </params>
          <reporter-output>
          </reporter-output>
        </test-method> <!-- setUp -->
        <test-method signature="test()[pri:0, instance:com.selenium.ft.FilterTest@27406a17]" started-at="2025-02-08T20:39:28 AMT" name="test" finished-at="2025-02-08T20:39:39 AMT" duration-ms="11165" status="PASS">
          <reporter-output>
          </reporter-output>
        </test-method> <!-- test -->
        <test-method is-config="true" signature="tearDown()[pri:0, instance:com.selenium.ft.FilterTest@27406a17]" started-at="2025-02-08T20:39:39 AMT" name="tearDown" finished-at="2025-02-08T20:39:39 AMT" duration-ms="282" status="PASS">
          <reporter-output>
          </reporter-output>
        </test-method> <!-- tearDown -->
      </class> <!-- com.selenium.ft.FilterTest -->
    </test> <!-- Chrome_1366x768 -->
  </suite> <!-- Parallel Chrome Resolution Test Suite -->
</testng-results>
